{"level":"error","message":"Unauthorised User","timestamp":"2017-06-13T07:39:33.523Z"}
{"message":"reminder not set","stack":"MongooseError: Cast to ObjectId failed for value \"undefined\" at path \"_id\"\n    at CastError (/home/bridgeit/AngularAndNodejs/node_modules/mongoose/lib/error/cast.js:26:11)\n    at ObjectId.cast (/home/bridgeit/AngularAndNodejs/node_modules/mongoose/lib/schema/objectid.js:149:13)\n    at ObjectId.SchemaType._castForQuery (/home/bridgeit/AngularAndNodejs/node_modules/mongoose/lib/schematype.js:1023:15)\n    at ObjectId.castForQuery (/home/bridgeit/AngularAndNodejs/node_modules/mongoose/lib/schema/objectid.js:189:15)\n    at cast (/home/bridgeit/AngularAndNodejs/node_modules/mongoose/lib/cast.js:232:32)\n    at model.Query.Query.cast (/home/bridgeit/AngularAndNodejs/node_modules/mongoose/lib/query.js:2932:12)\n    at castQuery (/home/bridgeit/AngularAndNodejs/node_modules/mongoose/lib/query.js:2834:18)\n    at _update (/home/bridgeit/AngularAndNodejs/node_modules/mongoose/lib/query.js:2653:21)\n    at model.Query.Query.update (/home/bridgeit/AngularAndNodejs/node_modules/mongoose/lib/query.js:2466:10)\n    at _update (/home/bridgeit/AngularAndNodejs/node_modules/mongoose/lib/model.js:2406:16)\n    at Function.update (/home/bridgeit/AngularAndNodejs/node_modules/mongoose/lib/model.js:2322:10)\n    at Function.noteSchema.statics.reminder (/home/bridgeit/AngularAndNodejs/model/data_notes.js:70:8)\n    at /home/bridgeit/AngularAndNodejs/controller/reminder.js:12:10\n    at Layer.handle [as handle_request] (/home/bridgeit/AngularAndNodejs/node_modules/express/lib/router/layer.js:95:5)\n    at next (/home/bridgeit/AngularAndNodejs/node_modules/express/lib/router/route.js:137:13)\n    at Route.dispatch (/home/bridgeit/AngularAndNodejs/node_modules/express/lib/router/route.js:112:3)\n    at Layer.handle [as handle_request] (/home/bridgeit/AngularAndNodejs/node_modules/express/lib/router/layer.js:95:5)\n    at /home/bridgeit/AngularAndNodejs/node_modules/express/lib/router/index.js:281:22\n    at param (/home/bridgeit/AngularAndNodejs/node_modules/express/lib/router/index.js:354:14)\n    at param (/home/bridgeit/AngularAndNodejs/node_modules/express/lib/router/index.js:365:14)\n    at Function.process_params (/home/bridgeit/AngularAndNodejs/node_modules/express/lib/router/index.js:410:3)\n    at next (/home/bridgeit/AngularAndNodejs/node_modules/express/lib/router/index.js:275:10)","name":"CastError","stringValue":"\"undefined\"","kind":"ObjectId","value":"undefined","path":"_id","level":"error","timestamp":"2017-06-13T08:58:53.165Z"}
{"message":"reminder not set","stack":"MongooseError: Cast to ObjectId failed for value \"undefined\" at path \"_id\"\n    at CastError (/home/bridgeit/AngularAndNodejs/node_modules/mongoose/lib/error/cast.js:26:11)\n    at ObjectId.cast (/home/bridgeit/AngularAndNodejs/node_modules/mongoose/lib/schema/objectid.js:149:13)\n    at ObjectId.SchemaType._castForQuery (/home/bridgeit/AngularAndNodejs/node_modules/mongoose/lib/schematype.js:1023:15)\n    at ObjectId.castForQuery (/home/bridgeit/AngularAndNodejs/node_modules/mongoose/lib/schema/objectid.js:189:15)\n    at cast (/home/bridgeit/AngularAndNodejs/node_modules/mongoose/lib/cast.js:232:32)\n    at model.Query.Query.cast (/home/bridgeit/AngularAndNodejs/node_modules/mongoose/lib/query.js:2932:12)\n    at castQuery (/home/bridgeit/AngularAndNodejs/node_modules/mongoose/lib/query.js:2834:18)\n    at _update (/home/bridgeit/AngularAndNodejs/node_modules/mongoose/lib/query.js:2653:21)\n    at model.Query.Query.update (/home/bridgeit/AngularAndNodejs/node_modules/mongoose/lib/query.js:2466:10)\n    at _update (/home/bridgeit/AngularAndNodejs/node_modules/mongoose/lib/model.js:2406:16)\n    at Function.update (/home/bridgeit/AngularAndNodejs/node_modules/mongoose/lib/model.js:2322:10)\n    at Function.noteSchema.statics.reminder (/home/bridgeit/AngularAndNodejs/model/data_notes.js:70:8)\n    at /home/bridgeit/AngularAndNodejs/controller/reminder.js:12:10\n    at Layer.handle [as handle_request] (/home/bridgeit/AngularAndNodejs/node_modules/express/lib/router/layer.js:95:5)\n    at next (/home/bridgeit/AngularAndNodejs/node_modules/express/lib/router/route.js:137:13)\n    at Route.dispatch (/home/bridgeit/AngularAndNodejs/node_modules/express/lib/router/route.js:112:3)\n    at Layer.handle [as handle_request] (/home/bridgeit/AngularAndNodejs/node_modules/express/lib/router/layer.js:95:5)\n    at /home/bridgeit/AngularAndNodejs/node_modules/express/lib/router/index.js:281:22\n    at param (/home/bridgeit/AngularAndNodejs/node_modules/express/lib/router/index.js:354:14)\n    at param (/home/bridgeit/AngularAndNodejs/node_modules/express/lib/router/index.js:365:14)\n    at Function.process_params (/home/bridgeit/AngularAndNodejs/node_modules/express/lib/router/index.js:410:3)\n    at next (/home/bridgeit/AngularAndNodejs/node_modules/express/lib/router/index.js:275:10)","name":"CastError","stringValue":"\"undefined\"","kind":"ObjectId","value":"undefined","path":"_id","level":"error","timestamp":"2017-06-13T09:02:16.046Z"}
{"message":"reminder not set","stack":"MongooseError: Cast to ObjectId failed for value \"undefined\" at path \"_id\"\n    at CastError (/home/bridgeit/AngularAndNodejs/node_modules/mongoose/lib/error/cast.js:26:11)\n    at ObjectId.cast (/home/bridgeit/AngularAndNodejs/node_modules/mongoose/lib/schema/objectid.js:149:13)\n    at ObjectId.SchemaType._castForQuery (/home/bridgeit/AngularAndNodejs/node_modules/mongoose/lib/schematype.js:1023:15)\n    at ObjectId.castForQuery (/home/bridgeit/AngularAndNodejs/node_modules/mongoose/lib/schema/objectid.js:189:15)\n    at cast (/home/bridgeit/AngularAndNodejs/node_modules/mongoose/lib/cast.js:232:32)\n    at model.Query.Query.cast (/home/bridgeit/AngularAndNodejs/node_modules/mongoose/lib/query.js:2932:12)\n    at castQuery (/home/bridgeit/AngularAndNodejs/node_modules/mongoose/lib/query.js:2834:18)\n    at _update (/home/bridgeit/AngularAndNodejs/node_modules/mongoose/lib/query.js:2653:21)\n    at model.Query.Query.update (/home/bridgeit/AngularAndNodejs/node_modules/mongoose/lib/query.js:2466:10)\n    at _update (/home/bridgeit/AngularAndNodejs/node_modules/mongoose/lib/model.js:2406:16)\n    at Function.update (/home/bridgeit/AngularAndNodejs/node_modules/mongoose/lib/model.js:2322:10)\n    at Function.noteSchema.statics.reminder (/home/bridgeit/AngularAndNodejs/model/data_notes.js:70:8)\n    at /home/bridgeit/AngularAndNodejs/controller/reminder.js:12:10\n    at Layer.handle [as handle_request] (/home/bridgeit/AngularAndNodejs/node_modules/express/lib/router/layer.js:95:5)\n    at next (/home/bridgeit/AngularAndNodejs/node_modules/express/lib/router/route.js:137:13)\n    at Route.dispatch (/home/bridgeit/AngularAndNodejs/node_modules/express/lib/router/route.js:112:3)\n    at Layer.handle [as handle_request] (/home/bridgeit/AngularAndNodejs/node_modules/express/lib/router/layer.js:95:5)\n    at /home/bridgeit/AngularAndNodejs/node_modules/express/lib/router/index.js:281:22\n    at param (/home/bridgeit/AngularAndNodejs/node_modules/express/lib/router/index.js:354:14)\n    at param (/home/bridgeit/AngularAndNodejs/node_modules/express/lib/router/index.js:365:14)\n    at Function.process_params (/home/bridgeit/AngularAndNodejs/node_modules/express/lib/router/index.js:410:3)\n    at next (/home/bridgeit/AngularAndNodejs/node_modules/express/lib/router/index.js:275:10)","name":"CastError","stringValue":"\"undefined\"","kind":"ObjectId","value":"undefined","path":"_id","level":"error","timestamp":"2017-06-13T09:02:19.933Z"}
{"level":"error","message":"reminder not set","timestamp":"2017-06-13T09:09:31.204Z"}
{"level":"error","message":"reminder not set","timestamp":"2017-06-13T09:10:08.170Z"}
{"level":"error","message":"reminder not set","timestamp":"2017-06-13T09:11:47.212Z"}
{"level":"error","message":"message:login Please","timestamp":"2017-06-14T06:40:59.982Z"}
{"level":"error","message":"message:login Please","timestamp":"2017-06-14T08:45:45.699Z"}
{"level":"error","message":"message:login Please","timestamp":"2017-06-14T08:46:09.612Z"}
{"level":"error","message":"message:login Please","timestamp":"2017-06-14T08:46:43.673Z"}
{"level":"error","message":"message:login Please","timestamp":"2017-06-14T08:47:13.011Z"}
{"level":"error","message":"message:login Please","timestamp":"2017-06-14T08:47:39.846Z"}
{"level":"error","message":"message:login Please","timestamp":"2017-06-14T08:48:37.388Z"}
{"level":"error","message":"message:login Please","timestamp":"2017-06-14T08:48:54.292Z"}
{"level":"error","message":"message:login Please","timestamp":"2017-06-14T08:49:20.515Z"}
{"level":"error","message":"message:login Please","timestamp":"2017-06-14T08:49:28.831Z"}
{"level":"error","message":"message:login Please","timestamp":"2017-06-14T08:49:33.482Z"}
{"level":"error","message":"message:login Please","timestamp":"2017-06-14T08:50:21.721Z"}
{"level":"error","message":"message:login Please","timestamp":"2017-06-14T08:53:35.117Z"}
{"level":"error","message":"message:login Please","timestamp":"2017-06-14T08:55:19.530Z"}
{"level":"error","message":"message:login Please","timestamp":"2017-06-14T08:56:09.035Z"}
{"level":"error","message":"message:login Please","timestamp":"2017-06-14T08:56:13.232Z"}
{"level":"error","message":"message:login Please","timestamp":"2017-06-14T08:56:58.191Z"}
{"level":"error","message":"message:login Please","timestamp":"2017-06-14T08:57:28.285Z"}
{"level":"error","message":"message:login Please","timestamp":"2017-06-14T08:57:28.387Z"}
{"level":"error","message":"message:login Please","timestamp":"2017-06-14T08:57:40.796Z"}
{"level":"error","message":"message:login Please","timestamp":"2017-06-14T08:57:46.483Z"}
{"level":"error","message":"message:login Please","timestamp":"2017-06-14T08:57:46.620Z"}
{"level":"error","message":"message:login Please","timestamp":"2017-06-14T08:58:12.234Z"}
{"level":"error","message":"message:login Please","timestamp":"2017-06-14T09:00:07.458Z"}
{"level":"error","message":"message:login Please","timestamp":"2017-06-14T09:09:35.807Z"}
{"level":"error","message":"message:login Please","timestamp":"2017-06-14T09:43:09.426Z"}
{"level":"error","message":"message:login Please","timestamp":"2017-06-14T10:47:57.489Z"}
{"level":"error","message":"message:login Please","timestamp":"2017-06-14T10:56:09.055Z"}
{"level":"error","message":"message:login Please","timestamp":"2017-06-14T10:56:37.648Z"}
{"level":"error","message":"message:login Please","timestamp":"2017-06-14T11:01:53.993Z"}
{"level":"error","message":"message:login Please","timestamp":"2017-06-14T11:03:24.859Z"}
{"level":"error","message":"message:login Please","timestamp":"2017-06-15T04:13:04.201Z"}
{"level":"error","message":"message:login Please","timestamp":"2017-06-15T04:15:07.443Z"}
{"level":"error","message":"message:login Please","timestamp":"2017-06-15T04:34:59.134Z"}
{"level":"error","message":"message:login Please","timestamp":"2017-06-15T04:47:05.714Z"}
{"level":"error","message":"message:login Please","timestamp":"2017-06-15T04:52:53.626Z"}
{"level":"error","message":"message:login Please","timestamp":"2017-06-15T04:53:39.201Z"}
{"level":"error","message":"message:login Please","timestamp":"2017-06-15T05:02:01.956Z"}
{"level":"error","message":"message:login Please","timestamp":"2017-06-15T05:13:01.200Z"}
{"level":"error","message":"message:login Please","timestamp":"2017-06-15T05:13:25.462Z"}
{"level":"error","message":"message:login Please","timestamp":"2017-06-15T05:27:10.415Z"}
{"level":"error","message":"message:login Please","timestamp":"2017-06-15T05:28:14.635Z"}
{"level":"error","message":"message:login Please","timestamp":"2017-06-15T05:40:15.409Z"}
{"level":"error","message":"message:login Please","timestamp":"2017-06-15T05:51:39.759Z"}
{"level":"error","message":"message:login Please","timestamp":"2017-06-15T05:53:04.285Z"}
{"level":"error","message":"message:login Please","timestamp":"2017-06-15T05:53:16.140Z"}
{"level":"error","message":"message:login Please","timestamp":"2017-06-15T05:57:08.349Z"}
{"level":"error","message":"message:login Please","timestamp":"2017-06-15T05:57:10.871Z"}
{"level":"error","message":"message:login Please","timestamp":"2017-06-15T05:57:13.051Z"}
{"level":"error","message":"message:login Please","timestamp":"2017-06-15T05:57:13.757Z"}
{"level":"error","message":"message:login Please","timestamp":"2017-06-15T07:00:00.116Z"}
{"level":"error","message":"message:login Please","timestamp":"2017-06-15T07:00:25.548Z"}
{"level":"error","message":"message:login Please","timestamp":"2017-06-15T07:00:31.761Z"}
{"level":"error","message":"message:login Please","timestamp":"2017-06-15T07:00:59.493Z"}
{"level":"error","message":"message:login Please","timestamp":"2017-06-15T07:02:27.802Z"}
{"level":"error","message":"message:login Please","timestamp":"2017-06-15T07:05:08.800Z"}
{"level":"error","message":"message:login Please","timestamp":"2017-06-15T07:07:22.663Z"}
{"level":"error","message":"message:login Please","timestamp":"2017-06-15T07:11:00.800Z"}
{"level":"error","message":"message:login Please","timestamp":"2017-06-15T07:59:04.567Z"}
{"level":"error","message":"message:login Please","timestamp":"2017-06-15T10:58:18.987Z"}
{"level":"error","message":"message:login Please","timestamp":"2017-06-15T10:58:25.281Z"}
{"level":"error","message":"message:login Please","timestamp":"2017-06-15T10:58:53.065Z"}
{"level":"error","message":"message:login Please","timestamp":"2017-06-15T10:59:14.089Z"}
{"level":"error","message":"message:login Please","timestamp":"2017-06-15T11:01:20.129Z"}
{"level":"error","message":"message:login Please","timestamp":"2017-06-15T11:02:23.983Z"}
{"level":"error","message":"message:login Please","timestamp":"2017-06-15T11:16:15.018Z"}
{"level":"error","message":"message:login Please","timestamp":"2017-06-15T11:19:17.093Z"}
{"level":"error","message":"message:login Please","timestamp":"2017-06-15T11:19:33.084Z"}
{"level":"error","message":"message:login Please","timestamp":"2017-06-15T11:20:16.989Z"}
{"level":"error","message":"message:login Please","timestamp":"2017-06-15T11:44:29.554Z"}
{"level":"error","message":"message:login Please","timestamp":"2017-06-15T11:47:52.124Z"}
{"level":"error","message":"message:login Please","timestamp":"2017-06-15T11:49:55.107Z"}
{"level":"error","message":"message:login Please","timestamp":"2017-06-15T11:49:57.944Z"}
{"level":"error","message":"message:login Please","timestamp":"2017-06-15T11:50:32.494Z"}
{"level":"error","message":"message:login Please","timestamp":"2017-06-15T11:58:06.847Z"}
{"level":"error","message":"reminder not set","timestamp":"2017-06-15T11:58:18.996Z"}
{"level":"error","message":"message:login Please","timestamp":"2017-06-15T11:58:19.016Z"}
{"level":"error","message":"message:login Please","timestamp":"2017-06-15T11:58:19.602Z"}
{"level":"error","message":"message:login Please","timestamp":"2017-06-15T11:58:20.420Z"}
{"level":"error","message":"message:login Please","timestamp":"2017-06-15T11:58:21.201Z"}
{"level":"error","message":"message:login Please","timestamp":"2017-06-15T12:09:13.092Z"}
{"level":"error","message":"message:login Please","timestamp":"2017-06-15T12:09:13.109Z"}
{"level":"error","message":"message:login Please","timestamp":"2017-06-15T12:32:27.244Z"}
{"level":"error","message":"message:login Please","timestamp":"2017-06-15T12:32:27.267Z"}
{"level":"error","message":"message:login Please","timestamp":"2017-06-16T03:33:10.065Z"}
{"level":"error","message":"message:login Please","timestamp":"2017-06-16T03:33:10.072Z"}
{"level":"error","message":"message:login Please","timestamp":"2017-06-16T03:33:57.282Z"}
{"level":"error","message":"message:login Please","timestamp":"2017-06-16T03:33:57.292Z"}
{"level":"error","message":"message:login Please","timestamp":"2017-06-16T03:35:23.143Z"}
{"level":"error","message":"message:login Please","timestamp":"2017-06-16T03:35:23.146Z"}
{"level":"error","message":"message:login Please","timestamp":"2017-06-16T04:15:45.110Z"}
{"level":"error","message":"message:login Please","timestamp":"2017-06-16T04:15:45.113Z"}
{"level":"error","message":"message:login Please","timestamp":"2017-06-16T04:15:46.878Z"}
{"level":"error","message":"message:login Please","timestamp":"2017-06-16T04:15:46.880Z"}
{"level":"error","message":"message:login Please","timestamp":"2017-06-16T04:26:31.292Z"}
{"level":"error","message":"message:login Please","timestamp":"2017-06-16T04:26:31.295Z"}
{"level":"error","message":"message:login Please","timestamp":"2017-06-16T04:26:44.082Z"}
{"level":"error","message":"message:login Please","timestamp":"2017-06-16T04:26:44.084Z"}
{"level":"error","message":"message:login Please","timestamp":"2017-06-16T04:32:42.800Z"}
{"level":"error","message":"message:login Please","timestamp":"2017-06-16T04:32:53.728Z"}
{"level":"error","message":"message:login Please","timestamp":"2017-06-16T04:32:58.490Z"}
{"level":"error","message":"message:login Please","timestamp":"2017-06-16T04:33:09.883Z"}
{"level":"error","message":"message:login Please","timestamp":"2017-06-16T04:35:28.401Z"}
{"level":"error","message":"message:login Please","timestamp":"2017-06-16T04:35:38.254Z"}
{"level":"error","message":"message:login Please","timestamp":"2017-06-16T04:35:47.675Z"}
{"level":"error","message":"message:login Please","timestamp":"2017-06-16T04:35:58.105Z"}
{"level":"error","message":"message:login Please","timestamp":"2017-06-16T04:37:08.125Z"}
{"level":"error","message":"message:login Please","timestamp":"2017-06-16T04:37:15.663Z"}
{"level":"error","message":"message:login Please","timestamp":"2017-06-16T04:37:19.336Z"}
{"level":"error","message":"message:login Please","timestamp":"2017-06-16T04:37:32.270Z"}
{"level":"error","message":"message:login Please","timestamp":"2017-06-16T04:49:46.710Z"}
{"level":"error","message":"message:login Please","timestamp":"2017-06-16T04:51:13.606Z"}
{"level":"error","message":"message:login Please","timestamp":"2017-06-16T04:51:28.853Z"}
{"level":"error","message":"message:login Please","timestamp":"2017-06-16T04:51:53.583Z"}
{"level":"error","message":"Unauthorised User","timestamp":"2017-06-16T04:53:49.173Z"}
{"level":"error","message":"message:login Please","timestamp":"2017-06-16T04:54:29.633Z"}
{"level":"error","message":"message:login Please","timestamp":"2017-06-16T04:54:37.502Z"}
{"level":"error","message":"message:login Please","timestamp":"2017-06-16T04:54:53.024Z"}
{"level":"error","message":"message:login Please","timestamp":"2017-06-16T04:57:35.094Z"}
{"level":"error","message":"message:login Please","timestamp":"2017-06-16T05:01:33.509Z"}
{"level":"error","message":"message:login Please","timestamp":"2017-06-16T05:08:07.733Z"}
{"level":"error","message":"message:login Please","timestamp":"2017-06-16T05:10:24.549Z"}
{"level":"error","message":"Unauthorised User","timestamp":"2017-06-16T05:11:26.295Z"}
{"level":"error","message":"message:login Please","timestamp":"2017-06-16T05:24:13.704Z"}
{"level":"error","message":"message:login Please","timestamp":"2017-06-16T05:24:30.871Z"}
{"level":"error","message":"message:login Please","timestamp":"2017-06-16T05:24:43.298Z"}
{"level":"error","message":"message:login Please","timestamp":"2017-06-16T05:24:44.986Z"}
{"level":"error","message":"message:login Please","timestamp":"2017-06-16T05:25:22.350Z"}
{"level":"error","message":"message:login Please","timestamp":"2017-06-16T05:46:49.674Z"}
{"level":"error","message":"message:login Please","timestamp":"2017-06-16T05:52:04.204Z"}
{"level":"error","message":"message:login Please","timestamp":"2017-06-16T05:54:00.091Z"}
{"level":"error","message":"message:login Please","timestamp":"2017-06-16T05:54:49.935Z"}
{"level":"error","message":"message:login Please","timestamp":"2017-06-16T05:55:32.010Z"}
{"level":"error","message":"message:login Please","timestamp":"2017-06-16T05:55:36.996Z"}
{"level":"error","message":"message:login Please","timestamp":"2017-06-16T05:57:13.469Z"}
{"level":"error","message":"message:login Please","timestamp":"2017-06-16T05:57:16.020Z"}
{"level":"error","message":"message:login Please","timestamp":"2017-06-16T05:58:28.175Z"}
{"level":"error","message":"message:login Please","timestamp":"2017-06-16T05:59:57.210Z"}
{"level":"error","message":"message:login Please","timestamp":"2017-06-16T06:00:26.464Z"}
{"level":"error","message":"message:login Please","timestamp":"2017-06-16T06:46:10.989Z"}
{"level":"error","message":"message:login Please","timestamp":"2017-06-16T06:46:42.558Z"}
{"level":"error","message":"message:login Please","timestamp":"2017-06-16T06:49:23.287Z"}
{"level":"error","message":"message:login Please","timestamp":"2017-06-16T06:53:16.562Z"}
{"level":"error","message":"message:login Please","timestamp":"2017-06-16T07:00:24.077Z"}
{"level":"error","message":"message:login Please","timestamp":"2017-06-16T07:03:44.889Z"}
{"level":"error","message":"message:login Please","timestamp":"2017-06-16T07:04:20.929Z"}
{"level":"error","message":"message:login Please","timestamp":"2017-06-16T07:05:05.071Z"}
{"level":"error","message":"message:login Please","timestamp":"2017-06-16T07:07:35.252Z"}
{"level":"error","message":"message:login Please","timestamp":"2017-06-16T07:07:45.378Z"}
{"level":"error","message":"message:login Please","timestamp":"2017-06-16T07:15:11.164Z"}
{"level":"error","message":"message:login Please","timestamp":"2017-06-16T07:37:51.502Z"}
{"level":"error","message":"message:login Please","timestamp":"2017-06-16T09:24:17.215Z"}
{"level":"error","message":"message:login Please","timestamp":"2017-06-16T09:28:29.669Z"}
{"level":"error","message":"message:login Please","timestamp":"2017-06-16T09:28:38.991Z"}
{"level":"error","message":"message:login Please","timestamp":"2017-06-16T09:32:54.201Z"}
{"level":"error","message":"message:login Please","timestamp":"2017-06-16T09:36:19.197Z"}
{"level":"error","message":"message:login Please","timestamp":"2017-06-16T09:39:45.650Z"}
{"level":"error","message":"message:login Please","timestamp":"2017-06-16T09:50:14.078Z"}
{"level":"error","message":"message:login Please","timestamp":"2017-06-16T09:58:38.252Z"}
{"level":"error","message":"message:login Please","timestamp":"2017-06-16T10:07:36.568Z"}
{"level":"error","message":"message:login Please","timestamp":"2017-06-16T11:03:34.543Z"}
{"level":"error","message":"message:login Please","timestamp":"2017-06-16T11:03:42.280Z"}
{"level":"error","message":"message:login Please","timestamp":"2017-06-16T11:14:49.486Z"}
{"level":"error","message":"message:login Please","timestamp":"2017-06-16T11:15:01.891Z"}
{"level":"error","message":"message:login Please","timestamp":"2017-06-16T11:34:03.027Z"}
{"level":"error","message":"message:login Please","timestamp":"2017-06-16T11:34:03.029Z"}
{"level":"error","message":"message:login Please","timestamp":"2017-06-16T11:36:15.341Z"}
{"level":"error","message":"message:login Please","timestamp":"2017-06-16T11:36:15.343Z"}
{"level":"error","message":"message:login Please","timestamp":"2017-06-16T11:49:28.752Z"}
{"level":"error","message":"message:login Please","timestamp":"2017-06-16T11:49:28.753Z"}
{"code":11000,"index":0,"errmsg":"E11000 duplicate key error collection: Mydb.registrations index: userEmail_1 dup key: { : null }","op":{"_id":"5943cadb6adb2b3bf63a0e6d","local":{"userName":"Gautam","userEmail":"gautam@gmail.com","userMobile":9029051642,"userPassword":"13aef3021d1b1c6a0dc79ffe972b84af"},"__v":0}}
{"level":"error","message":"message:login Please","timestamp":"2017-06-16T12:15:33.095Z"}
{"level":"error","message":"message:login Please","timestamp":"2017-06-16T12:15:33.099Z"}
{"level":"error","message":"Unauthorised User","timestamp":"2017-06-16T12:15:59.364Z"}
{"level":"error","message":"Unauthorised User","timestamp":"2017-06-16T12:16:10.994Z"}
{"level":"error","message":"Unauthorised User","timestamp":"2017-06-16T12:18:04.321Z"}
{"level":"error","message":"Unauthorised User","timestamp":"2017-06-16T12:18:58.085Z"}
{"level":"error","message":"Unauthorised User","timestamp":"2017-06-16T12:19:14.448Z"}
{"level":"error","message":"Unauthorised User","timestamp":"2017-06-16T12:21:30.048Z"}
{"level":"error","message":"message:login Please","timestamp":"2017-06-16T12:30:39.086Z"}
{"level":"error","message":"message:login Please","timestamp":"2017-06-16T12:30:39.089Z"}
{"level":"error","message":"message:login Please","timestamp":"2017-06-17T03:29:32.573Z"}
{"level":"error","message":"message:login Please","timestamp":"2017-06-17T03:29:32.576Z"}
{"level":"error","message":"message:login Please","timestamp":"2017-06-17T03:34:14.888Z"}
{"level":"error","message":"message:login Please","timestamp":"2017-06-17T03:34:14.890Z"}
{"level":"error","message":"message:login Please","timestamp":"2017-06-17T03:37:13.808Z"}
{"level":"error","message":"message:login Please","timestamp":"2017-06-17T03:37:13.811Z"}
{"level":"error","message":"message:login Please","timestamp":"2017-06-17T03:37:56.034Z"}
{"level":"error","message":"message:login Please","timestamp":"2017-06-17T03:37:56.036Z"}
{"level":"error","message":"message:login Please","timestamp":"2017-06-17T03:37:59.022Z"}
{"level":"error","message":"message:login Please","timestamp":"2017-06-17T03:37:59.025Z"}
{"level":"error","message":"message:login Please","timestamp":"2017-06-17T04:06:52.358Z"}
{"level":"error","message":"message:login Please","timestamp":"2017-06-17T04:06:52.367Z"}
{"level":"error","message":"message:login Please","timestamp":"2017-06-17T04:08:01.103Z"}
{"level":"error","message":"message:login Please","timestamp":"2017-06-17T04:08:01.104Z"}
{"level":"error","message":"message:login Please","timestamp":"2017-06-17T04:08:01.262Z"}
{"level":"error","message":"message:login Please","timestamp":"2017-06-17T04:08:01.264Z"}
{"level":"error","message":"message:login Please","timestamp":"2017-06-17T04:08:56.146Z"}
{"level":"error","message":"message:login Please","timestamp":"2017-06-17T04:08:56.152Z"}
{"level":"error","message":"message:login Please","timestamp":"2017-06-17T04:11:56.942Z"}
{"level":"error","message":"message:login Please","timestamp":"2017-06-17T04:11:56.945Z"}
{"level":"error","message":"message:login Please","timestamp":"2017-06-17T04:11:57.197Z"}
{"level":"error","message":"message:login Please","timestamp":"2017-06-17T04:11:57.199Z"}
{"level":"error","message":"message:login Please","timestamp":"2017-06-17T04:12:21.602Z"}
{"level":"error","message":"message:login Please","timestamp":"2017-06-17T04:12:21.606Z"}
{"level":"error","message":"message:login Please","timestamp":"2017-06-17T04:12:46.418Z"}
{"level":"error","message":"message:login Please","timestamp":"2017-06-17T04:12:46.421Z"}
{"level":"error","message":"message:login Please","timestamp":"2017-06-17T04:12:46.583Z"}
{"level":"error","message":"message:login Please","timestamp":"2017-06-17T04:12:46.585Z"}
{"level":"error","message":"message:login Please","timestamp":"2017-06-17T04:13:49.637Z"}
{"level":"error","message":"message:login Please","timestamp":"2017-06-17T04:13:49.640Z"}
{"level":"error","message":"message:login Please","timestamp":"2017-06-17T04:14:38.974Z"}
{"level":"error","message":"message:login Please","timestamp":"2017-06-17T04:14:38.977Z"}
{"level":"error","message":"message:login Please","timestamp":"2017-06-17T04:19:58.303Z"}
{"level":"error","message":"message:login Please","timestamp":"2017-06-17T04:19:58.306Z"}
{"level":"error","message":"message:login Please","timestamp":"2017-06-17T04:28:36.689Z"}
{"level":"error","message":"message:login Please","timestamp":"2017-06-17T04:28:36.690Z"}
{"level":"error","message":"Unauthorised User","timestamp":"2017-06-17T04:32:22.373Z"}
{"level":"error","message":"Unauthorised User","timestamp":"2017-06-17T04:32:33.883Z"}
{"level":"error","message":"message:login Please","timestamp":"2017-06-17T04:32:37.401Z"}
{"level":"error","message":"message:login Please","timestamp":"2017-06-17T04:32:37.403Z"}
{"level":"error","message":"message:login Please","timestamp":"2017-06-17T04:39:27.326Z"}
{"level":"error","message":"message:login Please","timestamp":"2017-06-17T04:39:27.327Z"}
{"level":"error","message":"message:login Please","timestamp":"2017-06-17T04:41:40.656Z"}
{"level":"error","message":"message:login Please","timestamp":"2017-06-17T04:41:40.657Z"}
{"level":"error","message":"message:login Please","timestamp":"2017-06-17T04:42:27.073Z"}
{"level":"error","message":"message:login Please","timestamp":"2017-06-17T04:42:27.075Z"}
{"level":"error","message":"message:login Please","timestamp":"2017-06-17T04:45:02.060Z"}
{"level":"error","message":"message:login Please","timestamp":"2017-06-17T04:45:02.063Z"}
{"level":"error","message":"message:login Please","timestamp":"2017-06-17T04:46:18.417Z"}
{"level":"error","message":"message:login Please","timestamp":"2017-06-17T04:46:18.421Z"}
{"level":"error","message":"message:login Please","timestamp":"2017-06-17T04:48:07.176Z"}
{"level":"error","message":"message:login Please","timestamp":"2017-06-17T04:48:07.177Z"}
{"level":"error","message":"message:login Please","timestamp":"2017-06-17T04:51:00.885Z"}
{"level":"error","message":"message:login Please","timestamp":"2017-06-17T04:51:00.888Z"}
{"level":"error","message":"message:login Please","timestamp":"2017-06-17T04:55:12.829Z"}
{"level":"error","message":"message:login Please","timestamp":"2017-06-17T04:55:12.831Z"}
{"level":"error","message":"message:login Please","timestamp":"2017-06-17T04:57:51.792Z"}
{"level":"error","message":"message:login Please","timestamp":"2017-06-17T04:57:51.797Z"}
{"level":"error","message":"message:login Please","timestamp":"2017-06-17T05:04:13.547Z"}
{"level":"error","message":"message:login Please","timestamp":"2017-06-17T05:04:13.549Z"}
{"level":"error","message":"message:login Please","timestamp":"2017-06-17T05:15:38.766Z"}
{"level":"error","message":"message:login Please","timestamp":"2017-06-17T05:15:38.769Z"}
{"level":"error","message":"message:login Please","timestamp":"2017-06-17T05:17:48.086Z"}
{"level":"error","message":"message:login Please","timestamp":"2017-06-17T05:17:48.089Z"}
{"level":"error","message":"message:login Please","timestamp":"2017-06-17T05:43:51.893Z"}
{"level":"error","message":"message:login Please","timestamp":"2017-06-17T05:43:51.894Z"}
{"level":"error","message":"message:login Please","timestamp":"2017-06-17T07:23:05.411Z"}
{"level":"error","message":"message:login Please","timestamp":"2017-06-17T07:23:05.413Z"}
{"level":"error","message":"reminder not set","timestamp":"2017-06-17T09:53:42.933Z"}
{"level":"error","message":"reminder not set","timestamp":"2017-06-17T10:05:16.046Z"}
{"level":"error","message":"reminder not set","timestamp":"2017-06-17T10:05:19.112Z"}
{"level":"error","message":"reminder not set","timestamp":"2017-06-17T10:05:21.390Z"}
{"level":"error","message":"reminder not set","timestamp":"2017-06-17T10:08:43.589Z"}
{"level":"error","message":"reminder not set","timestamp":"2017-06-17T10:09:39.691Z"}
{"level":"error","message":"reminder not set","timestamp":"2017-06-17T10:22:58.611Z"}
{"level":"error","message":"reminder not set","timestamp":"2017-06-17T11:43:19.575Z"}
{"level":"error","message":"message:login Please","timestamp":"2017-06-19T04:11:12.707Z"}
{"level":"error","message":"message:login Please","timestamp":"2017-06-19T04:11:12.713Z"}
{"level":"error","message":"Unauthorised User","timestamp":"2017-06-19T04:11:31.253Z"}
{"level":"error","message":"Unauthorised User","timestamp":"2017-06-19T04:11:39.488Z"}
{"level":"error","message":"message:login Please","timestamp":"2017-06-19T04:16:19.360Z"}
{"level":"error","message":"message:login Please","timestamp":"2017-06-19T04:16:19.361Z"}
{"level":"error","message":"reminder not set","timestamp":"2017-06-19T04:23:39.078Z"}
{"level":"error","message":"reminder not set","timestamp":"2017-06-19T04:25:00.626Z"}
{"level":"error","message":"reminder not set","timestamp":"2017-06-19T04:27:34.099Z"}
{"level":"error","message":"reminder not set","timestamp":"2017-06-19T04:29:28.402Z"}
{"level":"error","message":"reminder not set","timestamp":"2017-06-19T04:30:03.753Z"}
{"level":"error","message":"reminder not set","timestamp":"2017-06-19T04:35:38.160Z"}
{"level":"error","message":"reminder not set","timestamp":"2017-06-19T04:38:54.631Z"}
{"level":"error","message":"reminder not set","timestamp":"2017-06-19T04:42:24.055Z"}
{"level":"error","message":"reminder not set","timestamp":"2017-06-19T04:42:46.014Z"}
{"level":"error","message":"reminder not set","timestamp":"2017-06-19T04:45:44.637Z"}
{"level":"error","message":"message:login Please","timestamp":"2017-06-19T04:46:06.854Z"}
{"level":"error","message":"message:login Please","timestamp":"2017-06-19T04:46:06.860Z"}
{"level":"error","message":"message:login Please","timestamp":"2017-06-19T04:46:34.391Z"}
{"level":"error","message":"message:login Please","timestamp":"2017-06-19T04:46:34.393Z"}
{"level":"error","message":"message:login Please","timestamp":"2017-06-19T04:46:54.733Z"}
{"level":"error","message":"message:login Please","timestamp":"2017-06-19T04:46:54.734Z"}
{"level":"error","message":"message:login Please","timestamp":"2017-06-19T04:47:00.217Z"}
{"level":"error","message":"message:login Please","timestamp":"2017-06-19T04:47:00.218Z"}
{"level":"error","message":"message:login Please","timestamp":"2017-06-19T04:48:00.160Z"}
{"level":"error","message":"message:login Please","timestamp":"2017-06-19T04:48:00.161Z"}
{"level":"error","message":"message:login Please","timestamp":"2017-06-19T04:48:03.317Z"}
{"level":"error","message":"message:login Please","timestamp":"2017-06-19T04:48:03.319Z"}
{"level":"error","message":"message:login Please","timestamp":"2017-06-19T04:56:12.627Z"}
{"level":"error","message":"message:login Please","timestamp":"2017-06-19T04:56:12.631Z"}
{"level":"error","message":"message:login Please","timestamp":"2017-06-19T04:57:41.123Z"}
{"level":"error","message":"message:login Please","timestamp":"2017-06-19T04:57:41.126Z"}
{"level":"error","message":"message:login Please","timestamp":"2017-06-19T04:58:06.505Z"}
{"level":"error","message":"message:login Please","timestamp":"2017-06-19T04:58:06.506Z"}
{"level":"error","message":"message:login Please","timestamp":"2017-06-19T05:05:34.796Z"}
{"level":"error","message":"message:login Please","timestamp":"2017-06-19T05:05:51.901Z"}
{"level":"error","message":"message:login Please","timestamp":"2017-06-19T05:10:49.750Z"}
{"level":"error","message":"message:login Please","timestamp":"2017-06-19T05:10:49.762Z"}
{"level":"error","message":"message:login Please","timestamp":"2017-06-19T05:13:35.721Z"}
{"level":"error","message":"message:login Please","timestamp":"2017-06-19T05:18:01.701Z"}
{"level":"error","message":"message:login Please","timestamp":"2017-06-19T05:18:09.193Z"}
{"level":"error","message":"message:login Please","timestamp":"2017-06-19T05:18:09.194Z"}
{"level":"error","message":"message:login Please","timestamp":"2017-06-19T05:18:30.879Z"}
{"level":"error","message":"message:login Please","timestamp":"2017-06-19T05:18:30.881Z"}
{"level":"error","message":"message:login Please","timestamp":"2017-06-19T05:18:32.369Z"}
{"level":"error","message":"message:login Please","timestamp":"2017-06-19T05:18:32.370Z"}
{"level":"error","message":"message:login Please","timestamp":"2017-06-19T05:19:13.297Z"}
{"level":"error","message":"message:login Please","timestamp":"2017-06-19T05:19:13.298Z"}
{"level":"error","message":"message:login Please","timestamp":"2017-06-19T05:19:15.176Z"}
{"level":"error","message":"message:login Please","timestamp":"2017-06-19T05:19:15.177Z"}
{"level":"error","message":"message:login Please","timestamp":"2017-06-19T05:26:01.696Z"}
{"level":"error","message":"message:login Please","timestamp":"2017-06-19T05:26:16.364Z"}
{"level":"error","message":"message:login Please","timestamp":"2017-06-19T05:31:54.753Z"}
{"level":"error","message":"message:login Please","timestamp":"2017-06-19T05:31:54.754Z"}
{"level":"error","message":"reminder not set","timestamp":"2017-06-19T06:13:31.009Z"}
{"level":"error","message":"message:login Please","timestamp":"2017-06-19T06:16:56.172Z"}
{"level":"error","message":"message:login Please","timestamp":"2017-06-19T06:16:56.174Z"}
{"level":"error","message":"message:login Please","timestamp":"2017-06-19T06:21:16.737Z"}
{"level":"error","message":"message:login Please","timestamp":"2017-06-19T06:21:16.738Z"}
{"level":"error","message":"message:login Please","timestamp":"2017-06-19T06:24:10.860Z"}
{"level":"error","message":"message:login Please","timestamp":"2017-06-19T06:24:10.860Z"}
{"level":"error","message":"message:login Please","timestamp":"2017-06-19T07:18:47.783Z"}
{"level":"error","message":"message:login Please","timestamp":"2017-06-19T07:18:47.786Z"}
{"level":"error","message":"message:login Please","timestamp":"2017-06-19T07:25:25.152Z"}
{"level":"error","message":"message:login Please","timestamp":"2017-06-19T07:25:25.153Z"}
{"level":"error","message":"message:login Please","timestamp":"2017-06-19T07:28:07.356Z"}
{"level":"error","message":"message:login Please","timestamp":"2017-06-19T07:28:07.358Z"}
{"level":"error","message":"message:login Please","timestamp":"2017-06-19T07:34:02.625Z"}
{"level":"error","message":"message:login Please","timestamp":"2017-06-19T07:34:02.627Z"}
{"level":"error","message":"message:login Please","timestamp":"2017-06-19T07:51:38.980Z"}
{"level":"error","message":"message:login Please","timestamp":"2017-06-19T07:51:38.981Z"}
{"level":"error","message":"message:login Please","timestamp":"2017-06-19T07:58:13.218Z"}
{"level":"error","message":"message:login Please","timestamp":"2017-06-19T07:58:13.219Z"}
{"level":"error","message":"reminder not set","timestamp":"2017-06-19T09:18:54.033Z"}
{"level":"error","message":"reminder not set","timestamp":"2017-06-19T09:56:46.548Z"}
{"level":"error","message":"reminder not set","timestamp":"2017-06-19T09:58:15.688Z"}
{"level":"error","message":"reminder not set","timestamp":"2017-06-19T10:06:49.863Z"}
{"level":"error","message":"reminder not set","timestamp":"2017-06-19T10:28:29.821Z"}
{"level":"error","message":"reminder not set","timestamp":"2017-06-19T10:50:55.268Z"}
{"level":"error","message":"reminder not set","timestamp":"2017-06-19T10:58:28.886Z"}
{"level":"error","message":"reminder not set","timestamp":"2017-06-19T11:07:42.007Z"}
{"level":"error","message":"reminder not set","timestamp":"2017-06-19T11:07:44.094Z"}
{"level":"error","message":"reminder not set","timestamp":"2017-06-19T11:10:12.804Z"}
{"level":"error","message":"reminder not set","timestamp":"2017-06-19T11:10:17.436Z"}
{"level":"error","message":"reminder not set","timestamp":"2017-06-19T11:11:24.378Z"}
{"level":"error","message":"reminder not set","timestamp":"2017-06-19T11:11:25.994Z"}
{"level":"error","message":"reminder not set","timestamp":"2017-06-19T11:16:25.386Z"}
{"level":"error","message":"reminder not set","timestamp":"2017-06-19T11:16:44.626Z"}
{"level":"error","message":"reminder not set","timestamp":"2017-06-19T11:17:51.729Z"}
{"level":"error","message":"note not deleted","timestamp":"2017-06-19T12:09:55.723Z"}
{"level":"error","message":"note not deleted","timestamp":"2017-06-19T12:11:28.285Z"}
{"level":"error","message":"message:login Please","timestamp":"2017-06-20T03:23:39.202Z"}
{"level":"error","message":"message:login Please","timestamp":"2017-06-20T03:23:39.410Z"}
{"level":"error","message":"reminder not set","timestamp":"2017-06-20T03:24:23.760Z"}
{"level":"error","message":"note not deleted","timestamp":"2017-06-20T03:24:49.995Z"}
{"level":"error","message":"note not deleted","timestamp":"2017-06-20T03:39:33.538Z"}
{"level":"error","message":"message:login Please","timestamp":"2017-06-20T03:45:18.315Z"}
{"level":"error","message":"message:login Please","timestamp":"2017-06-20T03:45:18.316Z"}
{"level":"error","message":"reminder not set","timestamp":"2017-06-20T03:58:42.427Z"}
{"level":"error","message":"reminder not set","timestamp":"2017-06-20T03:58:45.125Z"}
{"level":"error","message":"reminder not set","timestamp":"2017-06-20T04:27:14.884Z"}
{"level":"error","message":"reminder not set","timestamp":"2017-06-20T04:39:03.938Z"}
{"level":"error","message":"reminder not set","timestamp":"2017-06-20T04:39:08.907Z"}
{"level":"error","message":"reminder not set","timestamp":"2017-06-20T04:39:18.115Z"}
{"level":"error","message":"reminder not set","timestamp":"2017-06-20T04:42:00.274Z"}
{"level":"error","message":"reminder not set","timestamp":"2017-06-20T04:42:10.841Z"}
{"level":"error","message":"Note not deleted","timestamp":"2017-06-20T04:54:57.469Z"}
{"level":"error","message":"Note not deleted","timestamp":"2017-06-20T04:56:09.297Z"}
{"level":"error","message":"message:login Please","timestamp":"2017-06-20T05:40:27.352Z"}
{"level":"error","message":"message:login Please","timestamp":"2017-06-20T05:40:27.355Z"}
{"level":"error","message":"message:login Please","timestamp":"2017-06-20T05:41:53.461Z"}
{"level":"error","message":"message:login Please","timestamp":"2017-06-20T05:41:53.464Z"}
{"level":"error","message":"message:login Please","timestamp":"2017-06-20T06:15:02.874Z"}
{"level":"error","message":"message:login Please","timestamp":"2017-06-20T06:15:02.877Z"}
{"level":"error","message":"reminder not set","timestamp":"2017-06-20T06:15:14.303Z"}
{"level":"error","message":"message:login Please","timestamp":"2017-06-20T06:21:50.515Z"}
{"level":"error","message":"message:login Please","timestamp":"2017-06-20T06:21:50.519Z"}
{"level":"error","message":"message:login Please","timestamp":"2017-06-20T06:23:18.547Z"}
{"level":"error","message":"message:login Please","timestamp":"2017-06-20T06:23:18.549Z"}
{"level":"error","message":"message:login Please","timestamp":"2017-06-20T06:30:43.827Z"}
{"level":"error","message":"message:login Please","timestamp":"2017-06-20T06:30:43.828Z"}
{"level":"error","message":"message:login Please","timestamp":"2017-06-20T06:45:36.485Z"}
{"level":"error","message":"message:login Please","timestamp":"2017-06-20T06:45:36.487Z"}
{"level":"error","message":"message:login Please","timestamp":"2017-06-20T06:45:52.302Z"}
{"level":"error","message":"message:login Please","timestamp":"2017-06-20T06:45:52.302Z"}
{"level":"error","message":"message:login Please","timestamp":"2017-06-20T06:52:53.017Z"}
{"level":"error","message":"message:login Please","timestamp":"2017-06-20T06:52:53.020Z"}
{"level":"error","message":"message:login Please","timestamp":"2017-06-20T06:55:51.714Z"}
{"level":"error","message":"message:login Please","timestamp":"2017-06-20T06:55:51.717Z"}
{"level":"error","message":"message:login Please","timestamp":"2017-06-20T06:57:04.064Z"}
{"level":"error","message":"message:login Please","timestamp":"2017-06-20T06:57:04.066Z"}
{"level":"error","message":"message:login Please","timestamp":"2017-06-20T07:01:17.165Z"}
{"level":"error","message":"message:login Please","timestamp":"2017-06-20T07:01:17.166Z"}
{"level":"error","message":"message:login Please","timestamp":"2017-06-20T07:01:38.739Z"}
{"level":"error","message":"message:login Please","timestamp":"2017-06-20T07:01:38.740Z"}
{"level":"error","message":"message:login Please","timestamp":"2017-06-20T07:08:52.302Z"}
{"level":"error","message":"message:login Please","timestamp":"2017-06-20T07:08:52.304Z"}
{"level":"error","message":"message:login Please","timestamp":"2017-06-20T07:17:05.469Z"}
{"level":"error","message":"message:login Please","timestamp":"2017-06-20T07:17:05.473Z"}
{"level":"error","message":"reminder not set","timestamp":"2017-06-20T09:03:59.111Z"}
{"level":"error","message":"message:login Please","timestamp":"2017-06-20T09:05:42.013Z"}
{"level":"error","message":"message:login Please","timestamp":"2017-06-20T09:05:42.015Z"}
{"level":"error","message":"message:login Please","timestamp":"2017-06-20T09:06:16.840Z"}
{"level":"error","message":"message:login Please","timestamp":"2017-06-20T09:06:16.843Z"}
{"level":"error","message":"message:login Please","timestamp":"2017-06-20T09:19:57.416Z"}
{"level":"error","message":"message:login Please","timestamp":"2017-06-20T09:19:57.418Z"}
{"level":"error","message":"message:login Please","timestamp":"2017-06-20T09:22:36.224Z"}
{"level":"error","message":"message:login Please","timestamp":"2017-06-20T09:22:36.226Z"}
{"level":"error","message":"message:login Please","timestamp":"2017-06-20T09:48:26.738Z"}
{"level":"error","message":"message:login Please","timestamp":"2017-06-20T09:48:26.740Z"}
{"level":"error","message":"reminder not set","timestamp":"2017-06-20T09:55:12.171Z"}
{"level":"error","message":"reminder not set","timestamp":"2017-06-20T09:55:17.822Z"}
{"level":"error","message":"reminder not set","timestamp":"2017-06-20T09:55:44.478Z"}
{"level":"error","message":"message:login Please","timestamp":"2017-06-20T09:59:30.002Z"}
{"level":"error","message":"message:login Please","timestamp":"2017-06-20T09:59:30.005Z"}
{"code":11000,"index":0,"errmsg":"E11000 duplicate key error collection: todoDB.registrations index: email_1 dup key: { : null }","op":{"_id":"5948f7c44231d030501f6c87","local":{"userName":"salman","userMobile":9029051642,"userPassword":"f1f978127e34229ee7e876de223ba070"},"__v":0}}
{"level":"error","message":"message:login Please","timestamp":"2017-06-20T10:34:42.857Z"}
{"level":"error","message":"message:login Please","timestamp":"2017-06-20T10:34:42.859Z"}
{"level":"error","message":"message:login Please","timestamp":"2017-06-20T10:46:00.306Z"}
{"level":"error","message":"message:login Please","timestamp":"2017-06-20T10:46:00.312Z"}
{"level":"error","message":"message:login Please","timestamp":"2017-06-20T10:50:49.391Z"}
{"level":"error","message":"message:login Please","timestamp":"2017-06-20T10:50:49.393Z"}
{"level":"error","message":"message:login Please","timestamp":"2017-06-20T11:11:26.104Z"}
{"level":"error","message":"message:login Please","timestamp":"2017-06-20T11:11:26.111Z"}
{"level":"error","message":"Unauthorised User","timestamp":"2017-06-20T11:24:58.495Z"}
{"level":"error","message":"Unauthorised User","timestamp":"2017-06-20T11:25:13.036Z"}
{"level":"error","message":"Unauthorised User","timestamp":"2017-06-20T11:34:36.411Z"}
{"level":"error","message":"Unauthorised User","timestamp":"2017-06-20T11:35:01.796Z"}
{"level":"error","message":"Unauthorised User","timestamp":"2017-06-20T11:37:01.207Z"}
{"level":"error","message":"Unauthorised User","timestamp":"2017-06-20T11:37:22.314Z"}
{"level":"error","message":"message:login Please","timestamp":"2017-06-20T12:12:01.669Z"}
{"level":"error","message":"message:login Please","timestamp":"2017-06-20T12:12:01.672Z"}
{"level":"error","message":"Unauthorised User","timestamp":"2017-06-20T12:12:43.555Z"}
{"level":"error","message":"Unauthorised User","timestamp":"2017-06-20T12:13:52.569Z"}
{"level":"error","message":"message:login Please","timestamp":"2017-06-20T12:28:14.929Z"}
{"level":"error","message":"message:login Please","timestamp":"2017-06-20T12:28:14.942Z"}
{"level":"error","message":"Unauthorised User","timestamp":"2017-06-20T12:28:30.253Z"}
{"level":"error","message":"Unauthorised User","timestamp":"2017-06-20T12:29:49.722Z"}
{"level":"error","message":"Invalid Email or invalid Password","timestamp":"2017-06-20T12:30:35.003Z"}
{"level":"error","message":"Invalid Email or invalid Password","timestamp":"2017-06-20T12:31:40.728Z"}
{"level":"error","message":"message:login Please","timestamp":"2017-06-21T06:25:56.768Z"}
{"level":"error","message":"message:login Please","timestamp":"2017-06-21T06:25:56.782Z"}
{"level":"error","message":"reminder not set","timestamp":"2017-06-21T06:45:09.233Z"}
{"level":"error","message":"reminder not set","timestamp":"2017-06-21T06:46:37.579Z"}
{"level":"error","message":"reminder not set","timestamp":"2017-06-21T06:46:40.561Z"}
{"level":"error","message":"reminder not set","timestamp":"2017-06-21T06:47:16.872Z"}
{"level":"error","message":"reminder not set","timestamp":"2017-06-21T09:16:44.311Z"}
{"level":"error","message":"reminder not set","timestamp":"2017-06-21T09:16:56.490Z"}
{"level":"error","message":"reminder not set","timestamp":"2017-06-21T09:17:06.897Z"}
{"level":"error","message":"reminder not set","timestamp":"2017-06-21T09:17:26.489Z"}
{"level":"error","message":"message:login Please","timestamp":"2017-06-21T09:26:25.159Z"}
{"level":"error","message":"message:login Please","timestamp":"2017-06-21T09:26:25.164Z"}
{"level":"error","message":"message:login Please","timestamp":"2017-06-21T09:28:44.365Z"}
{"level":"error","message":"message:login Please","timestamp":"2017-06-21T09:28:44.367Z"}
{"level":"error","message":"message:login Please","timestamp":"2017-06-21T11:17:22.739Z"}
{"level":"error","message":"message:login Please","timestamp":"2017-06-21T11:17:22.742Z"}
{"level":"error","message":"message:login Please","timestamp":"2017-06-22T11:00:39.263Z"}
{"level":"error","message":"message:login Please","timestamp":"2017-06-22T11:00:39.274Z"}
{"level":"error","message":"message:login Please","timestamp":"2017-06-22T11:01:05.331Z"}
{"level":"error","message":"message:login Please","timestamp":"2017-06-22T11:01:05.333Z"}
{"level":"error","message":"message:login Please","timestamp":"2017-06-23T03:33:09.088Z"}
{"level":"error","message":"message:login Please","timestamp":"2017-06-23T03:33:09.244Z"}
{"level":"error","message":"message:login Please","timestamp":"2017-06-24T04:49:16.735Z"}
{"level":"error","message":"message:login Please","timestamp":"2017-06-24T04:49:16.741Z"}
{"level":"error","message":"message:login Please","timestamp":"2017-06-24T07:08:46.504Z"}
{"level":"error","message":"message:login Please","timestamp":"2017-06-24T07:08:46.506Z"}
{"level":"error","message":"message:login Please","timestamp":"2017-06-24T10:41:00.995Z"}
{"level":"error","message":"message:login Please","timestamp":"2017-06-24T10:42:18.184Z"}
{"level":"error","message":"message:login Please","timestamp":"2017-06-24T10:43:07.500Z"}
{"level":"error","message":"message:login Please","timestamp":"2017-06-24T10:43:27.350Z"}
{"level":"error","message":"message:login Please","timestamp":"2017-06-24T10:45:01.215Z"}
{"level":"error","message":"message:login Please","timestamp":"2017-06-24T10:45:02.553Z"}
{"level":"error","message":"message:login Please","timestamp":"2017-06-24T11:19:48.687Z"}
{"level":"error","message":"message:login Please","timestamp":"2017-06-24T11:19:52.701Z"}
{"level":"error","message":"message:login Please","timestamp":"2017-06-24T11:21:12.427Z"}
{"level":"error","message":"message:login Please","timestamp":"2017-06-24T11:22:44.412Z"}
{"level":"error","message":"Invalid Email or invalid Password","timestamp":"2017-06-24T12:29:30.216Z"}
